<?xml version="1.0" encoding="UTF-8"?>
<testng-results skipped="0" failed="0" ignored="0" total="1" passed="1">
  <reporter-output>
  </reporter-output>
  <suite name="Default suite" duration-ms="21070" started-at="2019-04-05T13:47:17Z" finished-at="2019-04-05T13:47:38Z">
    <groups>
    </groups>
    <test name="Default test" duration-ms="21070" started-at="2019-04-05T13:47:17Z" finished-at="2019-04-05T13:47:38Z">
      <class name="pagefactory.Execution">
        <test-method status="PASS" signature="openbrowser()[pri:0, instance:pagefactory.Execution@5ae9a829]" name="openbrowser" is-config="true" duration-ms="13523" started-at="2019-04-05T19:17:17Z" finished-at="2019-04-05T19:17:30Z">
          <reporter-output>
          </reporter-output>
        </test-method> <!-- openbrowser -->
        <test-method status="PASS" signature="main()[pri:0, instance:pagefactory.Execution@5ae9a829]" name="main" duration-ms="7248" started-at="2019-04-05T19:17:30Z" finished-at="2019-04-05T19:17:38Z">
          <reporter-output>
          </reporter-output>
        </test-method> <!-- main -->
        <test-method status="PASS" signature="closebrowser()[pri:0, instance:pagefactory.Execution@5ae9a829]" name="closebrowser" is-config="true" duration-ms="264" started-at="2019-04-05T19:17:38Z" finished-at="2019-04-05T19:17:38Z">
          <reporter-output>
          </reporter-output>
        </test-method> <!-- closebrowser -->
      </class> <!-- pagefactory.Execution -->
    </test> <!-- Default test -->
  </suite> <!-- Default suite -->
</testng-results>
